0 info it worked if it ends with ok
1 verbose cli [ '/usr/local/bin/node',
1 verbose cli   '/usr/local/bin/npm',
1 verbose cli   'install',
1 verbose cli   'bootstrap@3' ]
2 info using npm@2.14.7
3 info using node@v4.2.2
4 verbose install initial load of /Users/samsonnelson/Documents/2019_MIS_3700_FinalProject_Translator/package.json
5 verbose readDependencies loading dependencies from /Users/samsonnelson/Documents/2019_MIS_3700_FinalProject_Translator/package.json
6 silly cache add args [ 'bootstrap@3', null ]
7 verbose cache add spec bootstrap@3
8 silly cache add parsed spec Result {
8 silly cache add   raw: 'bootstrap@3',
8 silly cache add   scope: null,
8 silly cache add   name: 'bootstrap',
8 silly cache add   rawSpec: '3',
8 silly cache add   spec: '>=3.0.0 <4.0.0',
8 silly cache add   type: 'range' }
9 silly addNamed bootstrap@>=3.0.0 <4.0.0
10 verbose addNamed ">=3.0.0 <4.0.0" is a valid semver range for bootstrap
11 silly addNameRange { name: 'bootstrap', range: '>=3.0.0 <4.0.0', hasData: false }
12 silly mapToRegistry name bootstrap
13 silly mapToRegistry using default registry
14 silly mapToRegistry registry https://registry.npmjs.org/
15 silly mapToRegistry uri https://registry.npmjs.org/bootstrap
16 verbose addNameRange registry:https://registry.npmjs.org/bootstrap not in flight; fetching
17 verbose request uri https://registry.npmjs.org/bootstrap
18 verbose request no auth needed
19 info attempt registry request try #1 at 10:57:47 AM
20 verbose request id 3987e1e6ac60b263
21 http request GET https://registry.npmjs.org/bootstrap
22 info retry will retry, error on last attempt: Error: Hostname/IP doesn't match certificate's altnames: "Host: registry.npmjs.org. is not in the cert's altnames: DNS:guestwifi.weber.edu, DNS:lp-218b-fw3.mgmt.weber.edu"
23 info attempt registry request try #2 at 10:58:00 AM
24 http request GET https://registry.npmjs.org/bootstrap
25 info retry will retry, error on last attempt: Error: Hostname/IP doesn't match certificate's altnames: "Host: registry.npmjs.org. is not in the cert's altnames: DNS:guestwifi.weber.edu, DNS:lp-218b-fw3.mgmt.weber.edu"
26 info attempt registry request try #3 at 10:59:00 AM
27 http request GET https://registry.npmjs.org/bootstrap
28 verbose stack Error: Hostname/IP doesn't match certificate's altnames: "Host: registry.npmjs.org. is not in the cert's altnames: DNS:guestwifi.weber.edu, DNS:lp-218b-fw3.mgmt.weber.edu"
28 verbose stack     at Object.checkServerIdentity (tls.js:191:15)
28 verbose stack     at TLSSocket.<anonymous> (_tls_wrap.js:1009:29)
28 verbose stack     at emitNone (events.js:67:13)
28 verbose stack     at TLSSocket.emit (events.js:166:7)
28 verbose stack     at TLSSocket._finishInit (_tls_wrap.js:570:8)
29 verbose cwd /Users/samsonnelson/Documents/2019_MIS_3700_FinalProject_Translator
30 error Darwin 18.0.0
31 error argv "/usr/local/bin/node" "/usr/local/bin/npm" "install" "bootstrap@3"
32 error node v4.2.2
33 error npm  v2.14.7
34 error Hostname/IP doesn't match certificate's altnames: "Host: registry.npmjs.org. is not in the cert's altnames: DNS:guestwifi.weber.edu, DNS:lp-218b-fw3.mgmt.weber.edu"
35 error If you need help, you may report this error at:
35 error     <https://github.com/npm/npm/issues>
36 verbose exit [ 1, true ]
